Raw input: Array
(
    [lat] => 14.406672442267
    [lon] => 120.85188095469
)

Raw input: Array
(
    [lat] => 14.406672442267
    [lon] => 120.85188095469
)

Raw input: Array
(
    [lat] => 14.406672442267
    [lon] => 120.85188095469
)

Raw input: Array
(
    [lat] => 14.406672442267
    [lon] => 120.85188095469
)

Raw input: Array
(
    [lat] => 14.406455068702
    [lon] => 120.85177109914
)

Raw input: Array
(
    [lat] => 14.406455068702
    [lon] => 120.85177109914
)

Raw input: Array
(
    [lat] => 14.406455068702
    [lon] => 120.85177109914
)

Raw input: Array
(
    [lat] => 14.406455068702
    [lon] => 120.85177109914
)

Raw input: Array
(
    [lat] => 14.406455068702
    [lon] => 120.85177109914
)

Raw input: Array
(
    [lat] => 14.406455068702
    [lon] => 120.85177109914
)

Raw input: Array
(
    [lat] => 14.406455068702
    [lon] => 120.85177109914
)

Raw input: Array
(
    [lat] => 14.406455068702
    [lon] => 120.85177109914
)

Raw input: Array
(
    [lat] => 14.406455068702
    [lon] => 120.85177109914
)

Raw input: Array
(
    [lat] => 14.406455068702
    [lon] => 120.85177109914
)

Raw input: Array
(
    [lat] => 14.406455068702
    [lon] => 120.85177109914
)

Raw input: Array
(
    [lat] => 14.406455068702
    [lon] => 120.85177109914
)

Raw input: Array
(
    [lat] => 14.406455068702
    [lon] => 120.85177109914
)

Raw input: Array
(
    [lat] => 14.406455068702
    [lon] => 120.85177109914
)

Raw input: Array
(
    [lat] => 14.406455068702
    [lon] => 120.85177109914
)

Raw input: Array
(
    [lat] => 14.406455068702
    [lon] => 120.85177109914
)

Raw input: Array
(
    [lat] => 14.406455068702
    [lon] => 120.85177109914
)

Raw input: Array
(
    [lat] => 14.406455068702
    [lon] => 120.85177109914
)

Raw input: Array
(
    [lat] => 14.406455068702
    [lon] => 120.85177109914
)

Raw input: Array
(
    [lat] => 14.406455068702
    [lon] => 120.85177109914
)

Raw input: Array
(
    [lat] => 14.406455068702
    [lon] => 120.85177109914
)

Raw input: Array
(
    [lat] => 14.406455068702
    [lon] => 120.85177109914
)

Raw input: Array
(
    [lat] => 14.406455068702
    [lon] => 120.85177109914
)

Raw input: Array
(
    [lat] => 14.406455068702
    [lon] => 120.85177109914
)

Raw input: Array
(
    [lat] => 14.406455068702
    [lon] => 120.85177109914
)

Raw input: Array
(
    [lat] => 14.406455068702
    [lon] => 120.85177109914
)

Raw input: Array
(
    [lat] => 14.406455068702
    [lon] => 120.85177109914
)

Raw input: Array
(
    [lat] => 14.406455068702
    [lon] => 120.85177109914
)

Raw input: Array
(
    [lat] => 14.406455068702
    [lon] => 120.85177109914
)

Raw input: Array
(
    [lat] => 14.406455068702
    [lon] => 120.85177109914
)

Raw input: Array
(
    [lat] => 14.406455068702
    [lon] => 120.85177109914
)

Raw input: Array
(
    [lat] => 14.406455068702
    [lon] => 120.85177109914
)

Raw input: Array
(
    [lat] => 14.406455068702
    [lon] => 120.85177109914
)

Raw input: Array
(
    [lat] => 14.406455068702
    [lon] => 120.85177109914
)

Raw input: Array
(
    [lat] => 14.406455068702
    [lon] => 120.85177109914
)

Raw input: {"lat":14.406442177609208,"lon":120.85189612416077}
Rounded lat: 14.40644218, lon: 120.85189612
Raw input: {"lat":14.406442177609208,"lon":120.85189612416077}
Rounded lat: 14.40644218, lon: 120.85189612
Raw input: {"lat":14.406442177609208,"lon":120.85189612416077}
Rounded lat: 14.40644218, lon: 120.85189612
Raw input: {"lat":14.406442177609208,"lon":120.85189612416077}
Rounded lat: 14.40644218, lon: 120.85189612
Raw input: {"lat":14.4065583165379,"lon":120.8519190807033}
Rounded lat: 14.40655832, lon: 120.85191908
Raw input: {"lat":14.4065583165379,"lon":120.8519190807033}
Rounded lat: 14.40655832, lon: 120.85191908
Raw input: {"lat":14.4065583165379,"lon":120.8519190807033}
Rounded lat: 14.40655832, lon: 120.85191908
Raw input: {"lat":14.4065583165379,"lon":120.8519190807033}
Rounded lat: 14.40655832, lon: 120.85191908
Raw input: {"lat":14.4065583165379,"lon":120.8519190807033}
Rounded lat: 14.40655832, lon: 120.85191908
Raw input: {"lat":14.406560426488397,"lon":120.85186121228915}
Rounded lat: 14.40656043, lon: 120.85186121
Raw input: {"lat":14.406560426488397,"lon":120.85186121228915}
Rounded lat: 14.40656043, lon: 120.85186121
Raw input: {"lat":14.406560426488397,"lon":120.85186121228915}
Rounded lat: 14.40656043, lon: 120.85186121
Raw input: {"lat":14.406560426488397,"lon":120.85186121228915}
Rounded lat: 14.40656043, lon: 120.85186121
Raw input: {"lat":14.406560426488397,"lon":120.85186121228915}
Rounded lat: 14.40656043, lon: 120.85186121
Raw input: {"lat":14.406560426488397,"lon":120.85186121228915}
Rounded lat: 14.40656043, lon: 120.85186121
Raw input: {"lat":14.406560426488397,"lon":120.85186121228915}
Rounded lat: 14.40656043, lon: 120.85186121
Raw input: {"lat":14.406560426488397,"lon":120.85186121228915}
Rounded lat: 14.40656043, lon: 120.85186121
Raw input: {"lat":14.406560426488397,"lon":120.85186121228915}
Rounded lat: 14.40656043, lon: 120.85186121
Raw input: {"lat":14.406560426488397,"lon":120.85186121228915}
Rounded lat: 14.40656043, lon: 120.85186121
Raw input: {"lat":14.406560426488397,"lon":120.85186121228915}
Rounded lat: 14.40656043, lon: 120.85186121
Raw input: {"lat":14.406560426488397,"lon":120.85186121228915}
Rounded lat: 14.40656043, lon: 120.85186121
Raw input: {"lat":14.406560426488397,"lon":120.85186121228915}
Rounded lat: 14.40656043, lon: 120.85186121
Raw input: {"lat":14.406560426488397,"lon":120.85186121228915}
Rounded lat: 14.40656043, lon: 120.85186121
Raw input: {"lat":14.406560426488397,"lon":120.85186121228915}
Rounded lat: 14.40656043, lon: 120.85186121
Raw input: {"lat":14.406560426488397,"lon":120.85186121228915}
Rounded lat: 14.40656043, lon: 120.85186121
